<?xml version="1.0" encoding="utf-8"?><testsuites name="pytest tests"><testsuite name="pytest" errors="0" failures="2" skipped="0" tests="115" time="111.559" timestamp="2026-05-13T19:42:03.605082+05:45" hostname="kuma"><testcase classname="tests.test_booking_manager" name="test_staff_booking_home_cinema" time="0.007" /><testcase classname="tests.test_booking_manager" name="test_staff_booking_other_cinema" time="0.003" /><testcase classname="tests.test_booking_manager" name="test_admin_booking_other_cinema" time="0.005" /><testcase classname="tests.test_booking_manager" name="test_validate_booking_date_past" time="0.001" /><testcase classname="tests.test_booking_manager" name="test_validate_booking_date_valid" time="0.003" /><testcase classname="tests.test_booking_manager" name="test_validate_booking_date_future" time="0.002" /><testcase classname="tests.test_booking_manager" name="test_duplicate_booking" time="0.003"><failure message="src.models.booking.BookingError: This showing has already started or passed">memory_db = &lt;sqlite3.Connection object at 0x0000020A4E395D50&gt;

    def test_duplicate_booking(memory_db):
        """Test that a duplicate booking by the same email for the same film on the same date is detected."""
        import datetime
        from src.models.booking import BookingManager
    
        today = datetime.date.today().isoformat()
        # Insert a showing for today
        memory_db.execute("INSERT INTO showings (film_id, screen_id, show_date, show_time, show_type, seats_remaining) VALUES (1, 1, ?, '18:00', 'evening', 100)", (today,))
        showing_id = memory_db.execute("SELECT last_insert_rowid()").fetchone()[0]
    
        # Create first booking
&gt;       res1 = BookingManager.create_booking(
            showing_id=showing_id, staff_user_id=1, ticket_type="lower_hall", quantity=1,
            customer_name="John Doe", customer_email="john@example.com", customer_phone="",
            unit_price=10.0, db_connection=memory_db
        )

tests\test_booking_manager.py:312: 
_ _ _ _ _ _ _ _ _ _ _ _ _ _ _ _ _ _ _ _ _ _ _ _ _ _ _ _ _ _ _ _ _ _ _ _ _ _ _ _ _ _ _ _ _ _ _ _ _ _ _ _ _ _ _ _ _ _ 
src\models\booking.py:162: in create_booking
    BookingManager.validate_booking_date(showing.show_date, showing.show_time)
_ _ _ _ _ _ _ _ _ _ _ _ _ _ _ _ _ _ _ _ _ _ _ _ _ _ _ _ _ _ _ _ _ _ _ _ _ _ _ _ _ _ _ _ _ _ _ _ _ _ _ _ _ _ _ _ _ _ 

show_date = datetime.date(2026, 5, 13), show_time = '18:00'

    @staticmethod
    def validate_booking_date(show_date: date, show_time: Optional[str] = None) -&gt; None:
        """
        Validates that the show_date (and optionally show_time) is in the future.
        """
        if isinstance(show_date, str):
            show_date = datetime.date.fromisoformat(show_date)
        elif isinstance(show_date, datetime.datetime):
            show_date = show_date.date()
    
        today = datetime.date.today()
        difference = (show_date - today).days
    
        if difference &lt; 0:
            raise BookingError('Cannot book for a past showing')
    
        if difference == 0 and show_time:
            # If it's today, check the time
            try:
                now_time = datetime.datetime.now().time()
                # Parse show_time (HH:MM)
                h, m = map(int, show_time.split(':'))
                show_t = datetime.time(h, m)
    
                if now_time &gt;= show_t:
&gt;                   raise BookingError('This showing has already started or passed')
E                   src.models.booking.BookingError: This showing has already started or passed

src\models\booking.py:49: BookingError</failure></testcase><testcase classname="tests.test_boundary_negative" name="test_booking_exactly_7_days_ahead" time="2.636" /><testcase classname="tests.test_boundary_negative" name="test_booking_8_days_ahead" time="2.537" /><testcase classname="tests.test_boundary_negative" name="test_booking_yesterday_date" time="3.038" /><testcase classname="tests.test_boundary_negative" name="test_same_day_cancellation" time="3.009"><failure message="src.models.booking.BookingError: This showing has already started or passed">db = &lt;sqlite3.Connection object at 0x0000020A4E397880&gt;

    def test_same_day_cancellation(db):
        """should RAISE exception"""
        today = datetime.date.today().isoformat()
        db.commit() # Ensure no active transaction so PRAGMA works
        db.execute("PRAGMA foreign_keys = OFF")
        db.execute("DELETE FROM tickets WHERE booking_id IN (SELECT booking_id FROM bookings WHERE showing_id IN (SELECT showing_id FROM showings WHERE screen_id = 1 AND show_date = ?))", (today,))
        db.execute("DELETE FROM bookings WHERE showing_id IN (SELECT showing_id FROM showings WHERE screen_id = 1 AND show_date = ?)", (today,))
        db.execute("DELETE FROM waitlist WHERE showing_id IN (SELECT showing_id FROM showings WHERE screen_id = 1 AND show_date = ?)", (today,))
        db.execute("DELETE FROM showings WHERE screen_id = 1 AND show_date = ? AND show_time = '19:00'", (today,))
        db.execute("PRAGMA foreign_keys = ON")
        showing = Showing.create(cinema_id=1, screen_id=1, film_id=1, date=today, show_type="evening")
&gt;       booking = BookingManager.create_booking(
            showing_id=showing.showing_id, staff_user_id=1, ticket_type="lower_hall",
            quantity=1, customer_name="Test", customer_email="t@test.com",
            customer_phone="123", unit_price=5.0, db_connection=db
        )

tests\test_boundary_negative.py:70: 
_ _ _ _ _ _ _ _ _ _ _ _ _ _ _ _ _ _ _ _ _ _ _ _ _ _ _ _ _ _ _ _ _ _ _ _ _ _ _ _ _ _ _ _ _ _ _ _ _ _ _ _ _ _ _ _ _ _ 
src\models\booking.py:162: in create_booking
    BookingManager.validate_booking_date(showing.show_date, showing.show_time)
_ _ _ _ _ _ _ _ _ _ _ _ _ _ _ _ _ _ _ _ _ _ _ _ _ _ _ _ _ _ _ _ _ _ _ _ _ _ _ _ _ _ _ _ _ _ _ _ _ _ _ _ _ _ _ _ _ _ 

show_date = datetime.date(2026, 5, 13), show_time = '19:00'

    @staticmethod
    def validate_booking_date(show_date: date, show_time: Optional[str] = None) -&gt; None:
        """
        Validates that the show_date (and optionally show_time) is in the future.
        """
        if isinstance(show_date, str):
            show_date = datetime.date.fromisoformat(show_date)
        elif isinstance(show_date, datetime.datetime):
            show_date = show_date.date()
    
        today = datetime.date.today()
        difference = (show_date - today).days
    
        if difference &lt; 0:
            raise BookingError('Cannot book for a past showing')
    
        if difference == 0 and show_time:
            # If it's today, check the time
            try:
                now_time = datetime.datetime.now().time()
                # Parse show_time (HH:MM)
                h, m = map(int, show_time.split(':'))
                show_t = datetime.time(h, m)
    
                if now_time &gt;= show_t:
&gt;                   raise BookingError('This showing has already started or passed')
E                   src.models.booking.BookingError: This showing has already started or passed

src\models\booking.py:49: BookingError</failure></testcase><testcase classname="tests.test_boundary_negative" name="test_cancellation_1_day_before" time="2.866" /><testcase classname="tests.test_boundary_negative" name="test_book_zero_tickets" time="3.013" /><testcase classname="tests.test_boundary_negative" name="test_book_negative_tickets" time="3.718" /><testcase classname="tests.test_boundary_negative" name="test_book_more_tickets_than_available" time="2.998" /><testcase classname="tests.test_boundary_negative" name="test_book_exactly_remaining_seats" time="2.358" /><testcase classname="tests.test_boundary_negative" name="test_invalid_card_number_15_digits" time="0.001" /><testcase classname="tests.test_boundary_negative" name="test_invalid_card_number_non_numeric" time="0.000" /><testcase classname="tests.test_boundary_negative" name="test_valid_card_number_16_digits" time="0.000" /><testcase classname="tests.test_boundary_negative" name="test_empty_customer_name" time="0.000" /><testcase classname="tests.test_boundary_negative" name="test_invalid_email_format" time="0.000" /><testcase classname="tests.test_boundary_negative" name="test_show_time_overlap_same_screen" time="2.523" /><testcase classname="tests.test_boundary_negative" name="test_vip_price_formula" time="2.243" /><testcase classname="tests.test_boundary_negative" name="test_price_outside_defined_city" time="2.159" /><testcase classname="tests.test_bulk_seat_selector.TestBulkSelectSeats" name="test_selects_contiguous_block_first" time="0.013" /><testcase classname="tests.test_bulk_seat_selector.TestBulkSelectSeats" name="test_splits_across_rows_when_needed" time="0.006" /><testcase classname="tests.test_bulk_seat_selector.TestBulkSelectSeats" name="test_returns_none_when_insufficient_seats" time="0.002" /><testcase classname="tests.test_bulk_seat_selector.TestBulkSelectSeats" name="test_vip_zone_prefix" time="0.005" /><testcase classname="tests.test_bulk_seat_selector.TestBulkSelectSeats" name="test_all_seats_booked_returns_none" time="0.007" /><testcase classname="tests.test_film_recommender" name="test_recommend_films_scoring" time="0.001" /><testcase classname="tests.test_film_recommender" name="test_recommend_films_age_penalty" time="0.002" /><testcase classname="tests.test_integration" name="test_full_booking_flow" time="2.497" /><testcase classname="tests.test_integration" name="test_full_cancellation_flow" time="2.121" /><testcase classname="tests.test_integration" name="test_admin_add_film_listing" time="2.416" /><testcase classname="tests.test_integration" name="test_admin_update_show_time" time="2.172" /><testcase classname="tests.test_integration" name="test_admin_remove_listing" time="2.150" /><testcase classname="tests.test_integration" name="test_manager_add_new_cinema" time="2.406" /><testcase classname="tests.test_integration" name="test_manager_add_new_city_cinema" time="2.095" /><testcase classname="tests.test_integration" name="test_monthly_revenue_report" time="2.140" /><testcase classname="tests.test_integration" name="test_staff_leaderboard_ordering" time="2.102" /><testcase classname="tests.test_integration" name="test_waitlist_trigger_on_cancellation" time="2.119" /><testcase classname="tests.test_loyalty_manager.TestPointsCalculation" name="test_floor_applied" time="0.000" /><testcase classname="tests.test_loyalty_manager.TestPointsCalculation" name="test_exact_amount" time="0.000" /><testcase classname="tests.test_loyalty_manager.TestPointsCalculation" name="test_zero_cost" time="0.000" /><testcase classname="tests.test_loyalty_manager.TestPointsCalculation" name="test_large_booking" time="0.001" /><testcase classname="tests.test_loyalty_manager.TestPointsCalculation" name="test_less_than_one_pound" time="0.000" /><testcase classname="tests.test_loyalty_manager.TestTierAssignment" name="test_bronze_at_zero" time="0.000" /><testcase classname="tests.test_loyalty_manager.TestTierAssignment" name="test_bronze_at_199" time="0.000" /><testcase classname="tests.test_loyalty_manager.TestTierAssignment" name="test_silver_at_200" time="0.000" /><testcase classname="tests.test_loyalty_manager.TestTierAssignment" name="test_silver_at_499" time="0.001" /><testcase classname="tests.test_loyalty_manager.TestTierAssignment" name="test_gold_at_500" time="0.000" /><testcase classname="tests.test_loyalty_manager.TestTierAssignment" name="test_gold_above_500" time="0.000" /><testcase classname="tests.test_models" name="test_cinema_creation_valid" time="2.066" /><testcase classname="tests.test_models" name="test_cinema_city_validation" time="2.048" /><testcase classname="tests.test_models" name="test_add_screen_to_cinema" time="2.077" /><testcase classname="tests.test_models" name="test_screen_capacity_range" time="2.035" /><testcase classname="tests.test_models" name="test_lower_hall_seat_count" time="2.053" /><testcase classname="tests.test_models" name="test_film_creation" time="2.049" /><testcase classname="tests.test_models" name="test_film_age_rating_valid_values" time="2.069" /><testcase classname="tests.test_models" name="test_showing_creation" time="2.031" /><testcase classname="tests.test_models" name="test_no_overlapping_shows_same_screen" time="2.157" /><testcase classname="tests.test_models" name="test_advance_booking_limit" time="2.179" /><testcase classname="tests.test_models" name="test_unique_booking_reference" time="2.166" /><testcase classname="tests.test_models" name="test_booking_total_cost_lower_hall" time="2.042" /><testcase classname="tests.test_models" name="test_booking_total_cost_vip" time="2.073" /><testcase classname="tests.test_models" name="test_booking_receipt_fields" time="2.016" /><testcase classname="tests.test_models" name="test_user_role_validation" time="0.001" /><testcase classname="tests.test_models" name="test_password_hashing" time="0.562" /><testcase classname="tests.test_models" name="test_user_registration_create_user" time="2.596" /><testcase classname="tests.test_models" name="test_create_user_duplicate_username" time="2.315" /><testcase classname="tests.test_models" name="test_get_users_by_role" time="2.579" /><testcase classname="tests.test_models" name="test_delete_user" time="2.324" /><testcase classname="tests.test_models" name="test_price_birmingham_morning" time="2.139" /><testcase classname="tests.test_models" name="test_price_london_evening_vip" time="2.107" /><testcase classname="tests.test_models" name="test_upper_gallery_20_percent_higher" time="2.151" /><testcase classname="tests.test_models" name="test_pricing_breakdown" time="2.022" /><testcase classname="tests.test_noshow_predictor" name="test_feature_extraction_logic" time="0.002" /><testcase classname="tests.test_noshow_predictor" name="test_predict_returns_float" time="0.003" /><testcase classname="tests.test_pricing_engine" name="test_get_lower_hall_price[1-morning-5.0]" time="0.001" /><testcase classname="tests.test_pricing_engine" name="test_get_lower_hall_price[1-afternoon-6.0]" time="0.002" /><testcase classname="tests.test_pricing_engine" name="test_get_lower_hall_price[1-evening-7.0]" time="0.001" /><testcase classname="tests.test_pricing_engine" name="test_get_lower_hall_price[2-morning-6.0]" time="0.001" /><testcase classname="tests.test_pricing_engine" name="test_get_lower_hall_price[2-afternoon-7.0]" time="0.001" /><testcase classname="tests.test_pricing_engine" name="test_get_lower_hall_price[2-evening-8.0]" time="0.001" /><testcase classname="tests.test_pricing_engine" name="test_get_lower_hall_price[4-morning-10.0]" time="0.001" /><testcase classname="tests.test_pricing_engine" name="test_get_lower_hall_price[4-afternoon-11.0]" time="0.001" /><testcase classname="tests.test_pricing_engine" name="test_get_lower_hall_price[4-evening-12.0]" time="0.001" /><testcase classname="tests.test_pricing_engine" name="test_get_lower_hall_price_invalid_city" time="0.001" /><testcase classname="tests.test_pricing_engine" name="test_calculate_price_lower_hall" time="0.001" /><testcase classname="tests.test_pricing_engine" name="test_calculate_price_upper_gallery_uplift" time="0.001" /><testcase classname="tests.test_pricing_engine" name="test_calculate_price_vip_uplift" time="0.001" /><testcase classname="tests.test_pricing_engine" name="test_price_breakdown" time="0.001" /><testcase classname="tests.test_pricing_engine" name="test_validate_show_type[08:00-morning]" time="0.000" /><testcase classname="tests.test_pricing_engine" name="test_validate_show_type[11:59-morning]" time="0.001" /><testcase classname="tests.test_pricing_engine" name="test_validate_show_type[12:00-afternoon]" time="0.000" /><testcase classname="tests.test_pricing_engine" name="test_validate_show_type[16:59-afternoon]" time="0.000" /><testcase classname="tests.test_pricing_engine" name="test_validate_show_type[17:00-evening]" time="0.000" /><testcase classname="tests.test_pricing_engine" name="test_validate_show_type[23:59-evening]" time="0.001" /><testcase classname="tests.test_pricing_engine" name="test_validate_show_type[time_val6-morning]" time="0.002" /><testcase classname="tests.test_pricing_engine" name="test_validate_show_type[time_val7-afternoon]" time="0.000" /><testcase classname="tests.test_pricing_engine" name="test_validate_show_type[time_val8-evening]" time="0.000" /><testcase classname="tests.test_pricing_engine" name="test_validate_show_type_invalid_string" time="0.000" /><testcase classname="tests.test_rbac" name="test_staff_cannot_access_admin_or_manager" time="0.081" /><testcase classname="tests.test_rbac" name="test_admin_cannot_access_manager" time="0.003" /><testcase classname="tests.test_rbac" name="test_manager_can_access_all" time="0.002" /><testcase classname="tests.test_rbac" name="test_no_session_blocked_everywhere" time="0.020" /><testcase classname="tests.test_rbac" name="test_booking_staff_role_alias" time="0.006" /><testcase classname="tests.test_revenue_forecaster" name="test_forecast_revenue_returns_predictions" time="2.090" /><testcase classname="tests.test_seat_recommender" name="test_recommend_single_seat_finds_center" time="0.002" /><testcase classname="tests.test_seat_recommender" name="test_recommend_group_of_4_keeps_together" time="0.018" /><testcase classname="tests.test_seat_recommender" name="test_recommend_nearly_full_screen" time="0.001" /><testcase classname="tests.test_security" name="test_access_denied_after_logout" time="0.061" /><testcase classname="tests.test_waitlist_manager.TestProcessWaitlist" name="test_process_waitlist_offers_first_eligible_entry" time="0.001" /><testcase classname="tests.test_waitlist_manager.TestProcessWaitlist" name="test_process_waitlist_skips_entry_too_large" time="0.002" /><testcase classname="tests.test_waitlist_manager.TestExpiredOffers" name="test_expiry_sql_filters_by_30_minutes" time="0.003" /></testsuite></testsuites>
